2022-07-03 19:02:34:234 -  [32minfo[39m: [32mAplicação está rodando na porta 3000[39m
2022-07-03 19:05:19:519 -  [32minfo[39m: [32mConexão com sucesso !!![39m
2022-07-03 19:05:19:519 -  [32minfo[39m: [32mAplicação está rodando na porta 3000[39m
2022-07-03 19:06:19:619 -  [32minfo[39m: [32mConexão com sucesso !!![39m
2022-07-03 19:06:19:619 -  [32minfo[39m: [32mAplicação está rodando na porta 3000[39m
2022-07-03 19:07:05:75 -  [31merror[39m: [31mnão foi possível conectar[39m
2022-07-03 19:07:11:711 -  [32minfo[39m: [32mConexão com sucesso !!![39m
2022-07-03 19:07:11:711 -  [32minfo[39m: [32mAplicação está rodando na porta 3000[39m
2022-07-03 19:16:15:1615 -  [32minfo[39m: [32mConexão com sucesso !!![39m
2022-07-03 19:16:15:1615 -  [32minfo[39m: [32mAplicação está rodando na porta 3000[39m
2022-07-03 19:16:31:1631 -  [32minfo[39m: [32mConexão com sucesso !!![39m
2022-07-03 19:16:31:1631 -  [32minfo[39m: [32mAplicação está rodando na porta 3000[39m
2022-07-03 19:17:12:1712 -  [32minfo[39m: [32mConexão com sucesso !!![39m
2022-07-03 19:17:12:1712 -  [32minfo[39m: [32mAplicação está rodando na porta 3000[39m
2022-07-03 19:17:30:1730 -  [32minfo[39m: [32mConexão com sucesso !!![39m
2022-07-03 19:17:30:1730 -  [32minfo[39m: [32mAplicação está rodando na porta 3000[39m
2022-07-03 19:18:17:1817 -  [32minfo[39m: [32mConexão com sucesso !!![39m
2022-07-03 19:18:17:1817 -  [32minfo[39m: [32mAplicação está rodando na porta 3000[39m
2022-07-03 19:18:19:1819 -  [32minfo[39m: [32mConexão com sucesso !!![39m
2022-07-03 19:18:19:1819 -  [32minfo[39m: [32mAplicação está rodando na porta 3000[39m
2022-07-03 19:21:23:2123 -  [32minfo[39m: [32mConexão com sucesso !!![39m
2022-07-03 19:21:24:2124 -  [32minfo[39m: [32mAplicação está rodando na porta 3000[39m
2022-07-03 19:21:59:2159 -  [32minfo[39m: [32mConexão com sucesso !!![39m
2022-07-03 19:21:59:2159 -  [32minfo[39m: [32mAplicação está rodando na porta 3000[39m
2022-07-03 19:22:06:226 -  [32minfo[39m: [32mConexão com sucesso !!![39m
2022-07-03 19:22:06:226 -  [32minfo[39m: [32mAplicação está rodando na porta 3000[39m
2022-07-03 19:25:04:254 -  [32minfo[39m: [32mConexão com sucesso !!![39m
2022-07-03 19:25:04:254 -  [32minfo[39m: [32mAplicação está rodando na porta 3000[39m
2022-07-03 19:25:20:2520 -  [32minfo[39m: [32mConexão com sucesso !!![39m
2022-07-03 19:25:20:2520 -  [32minfo[39m: [32mAplicação está rodando na porta 3000[39m
2022-07-03 19:26:08:268 -  [32minfo[39m: [32mConexão com sucesso !!![39m
2022-07-03 19:26:08:268 -  [32minfo[39m: [32mAplicação está rodando na porta 3000[39m
2022-07-03 19:31:40:3140 -  [32minfo[39m: [32mConexão com sucesso !!![39m
2022-07-03 19:31:40:3140 -  [32minfo[39m: [32mAplicação está rodando na porta 3000[39m
2022-07-03 19:31:41:3141 -  [32minfo[39m: [32mConexão com sucesso !!![39m
2022-07-03 19:31:41:3141 -  [32minfo[39m: [32mAplicação está rodando na porta 3000[39m
2022-07-03 19:40:04:404 -  [32minfo[39m: [32mConexão com sucesso !!![39m
2022-07-03 19:40:04:404 -  [32minfo[39m: [32mAplicação está rodando na porta 3000[39m
2022-07-03 19:42:27:4227 -  [32minfo[39m: [32mConexão com sucesso !!![39m
2022-07-03 19:42:27:4227 -  [32minfo[39m: [32mAplicação está rodando na porta 3000[39m
2022-07-03 19:48:35:4835 -  [32minfo[39m: [32mConexão com sucesso !!![39m
2022-07-03 19:48:35:4835 -  [32minfo[39m: [32mAplicação está rodando na porta 3000[39m
2022-07-03 19:49:06:496 -  [32minfo[39m: [32mConexão com sucesso !!![39m
2022-07-03 19:49:06:496 -  [32minfo[39m: [32mAplicação está rodando na porta 3000[39m
2022-07-03 19:49:13:4913 -  [32minfo[39m: [32mConexão com sucesso !!![39m
2022-07-03 19:49:13:4913 -  [32minfo[39m: [32mAplicação está rodando na porta 3000[39m
2022-07-03 19:49:25:4925 -  [32minfo[39m: [32mConexão com sucesso !!![39m
2022-07-03 19:49:25:4925 -  [32minfo[39m: [32mAplicação está rodando na porta 3000[39m
2022-07-03 19:49:52:4952 -  [32minfo[39m: [32mConexão com sucesso !!![39m
2022-07-03 19:49:52:4952 -  [32minfo[39m: [32mAplicação está rodando na porta 3000[39m
2022-07-03 19:51:36:5136 -  [32minfo[39m: [32mConexão com sucesso !!![39m
2022-07-03 19:51:36:5136 -  [32minfo[39m: [32mAplicação está rodando na porta 3000[39m
2022-07-03 19:52:47:5247 -  [32minfo[39m: [32mConexão com sucesso !!![39m
2022-07-03 19:52:47:5247 -  [32minfo[39m: [32mAplicação está rodando na porta 3000[39m
2022-07-03 19:55:47:5547 -  [32minfo[39m: [32mConexão com sucesso !!![39m
2022-07-03 19:55:47:5547 -  [32minfo[39m: [32mAplicação está rodando na porta 3000[39m
2022-07-03 19:55:49:5549 -  [32minfo[39m: [32mConexão com sucesso !!![39m
2022-07-03 19:55:49:5549 -  [32minfo[39m: [32mAplicação está rodando na porta 3000[39m
2022-07-03 19:55:58:5558 -  [32minfo[39m: [32mConexão com sucesso !!![39m
2022-07-03 19:55:58:5558 -  [32minfo[39m: [32mAplicação está rodando na porta 3000[39m
2022-07-03 19:56:32:5632 -  [32minfo[39m: [32mConexão com sucesso !!![39m
2022-07-03 19:56:32:5632 -  [32minfo[39m: [32mAplicação está rodando na porta 3000[39m
2022-07-03 19:57:32:5732 -  [32minfo[39m: [32mConexão com sucesso !!![39m
2022-07-03 19:57:32:5732 -  [32minfo[39m: [32mAplicação está rodando na porta 3000[39m
2022-07-03 19:57:53:5753 -  [32minfo[39m: [32mConexão com sucesso !!![39m
2022-07-03 19:57:53:5753 -  [32minfo[39m: [32mAplicação está rodando na porta 3000[39m
2022-07-03 19:57:55:5755 -  [35mhttp[39m: [35mGET /api/test status: res:[content-length] - 2.330 ms[39m
[35m[39m
2022-07-03 20:00:28:028 -  [32minfo[39m: [32mConexão com sucesso !!![39m
2022-07-03 20:00:28:028 -  [32minfo[39m: [32mAplicação está rodando na porta 3000[39m
2022-07-03 20:03:09:39 -  [32minfo[39m: [32mConexão com sucesso !!![39m
2022-07-03 20:03:09:39 -  [32minfo[39m: [32mAplicação está rodando na porta 3000[39m
2022-07-03 20:03:25:325 -  [32minfo[39m: [32mConexão com sucesso !!![39m
2022-07-03 20:03:25:325 -  [32minfo[39m: [32mAplicação está rodando na porta 3000[39m
2022-07-03 20:04:13:413 -  [32minfo[39m: [32mConexão com sucesso !!![39m
2022-07-03 20:04:13:413 -  [32minfo[39m: [32mAplicação está rodando na porta 3000[39m
2022-07-03 20:04:48:448 -  [32minfo[39m: [32mConexão com sucesso !!![39m
2022-07-03 20:04:48:448 -  [32minfo[39m: [32mAplicação está rodando na porta 3000[39m
2022-07-03 20:05:21:521 -  [32minfo[39m: [32mConexão com sucesso !!![39m
2022-07-03 20:05:21:521 -  [32minfo[39m: [32mAplicação está rodando na porta 3000[39m
2022-07-03 20:05:31:531 -  [32minfo[39m: [32mConexão com sucesso !!![39m
2022-07-03 20:05:31:531 -  [32minfo[39m: [32mAplicação está rodando na porta 3000[39m
2022-07-03 20:05:34:534 -  [35mhttp[39m: [35mGET /api/test 200 12 - 2.355 ms[39m
[35m[39m
2022-07-03 20:06:35:635 -  [32minfo[39m: [32mConexão com sucesso !!![39m
2022-07-03 20:06:35:635 -  [32minfo[39m: [32mAplicação está rodando na porta 3000[39m
2022-07-03 20:07:02:72 -  [32minfo[39m: [32mConexão com sucesso !!![39m
2022-07-03 20:07:02:72 -  [32minfo[39m: [32mAplicação está rodando na porta 3000[39m
2022-07-03 20:11:10:1110 -  [32minfo[39m: [32mConexão com sucesso !!![39m
2022-07-03 20:11:10:1110 -  [32minfo[39m: [32mAplicação está rodando na porta 3000[39m
2022-07-03 20:11:13:1113 -  [32minfo[39m: [32mConexão com sucesso !!![39m
2022-07-03 20:11:13:1113 -  [32minfo[39m: [32mAplicação está rodando na porta 3000[39m
2022-07-03 20:11:19:1119 -  [32minfo[39m: [32mdevelopment[39m
2022-07-03 20:11:50:1150 -  [32minfo[39m: [32mConexão com sucesso !!![39m
2022-07-03 20:11:50:1150 -  [32minfo[39m: [32mAplicação está rodando na porta 3000[39m
2022-07-03 20:11:53:1153 -  [32minfo[39m: [32mdevelopment[39m
2022-07-03 20:11:53:1153 -  [32minfo[39m: [32mtrue[39m
2022-07-03 20:12:56:1256 -  [32minfo[39m: [32mConexão com sucesso !!![39m
2022-07-03 20:12:56:1256 -  [32minfo[39m: [32mAplicação está rodando na porta 3000[39m
2022-07-03 20:12:59:1259 -  [32minfo[39m: [32mdevelopment[39m
2022-07-03 20:12:59:1259 -  [32minfo[39m: [32mtrue[39m
2022-07-03 20:12:59:1259 -  [35mhttp[39m: [35mGET /api/test 200 12 - 2.933 ms[39m
[35m[39m
2022-07-03 20:13:33:1333 -  [32minfo[39m: [32mConexão com sucesso !!![39m
2022-07-03 20:13:33:1333 -  [32minfo[39m: [32mAplicação está rodando na porta 3000[39m
2022-07-03 20:15:59:1559 -  [32minfo[39m: [32mConexão com sucesso !!![39m
2022-07-03 20:15:59:1559 -  [32minfo[39m: [32mAplicação está rodando na porta 3000[39m
2022-07-03 20:32:50:3250 -  [32minfo[39m: [32mConexão com sucesso !!![39m
2022-07-03 20:32:50:3250 -  [32minfo[39m: [32mAplicação está rodando na porta 3000[39m
2022-07-03 20:33:34:3334 -  [32minfo[39m: [32mdevelopment[39m
2022-07-03 20:33:34:3334 -  [32minfo[39m: [32mtrue[39m
2022-07-03 20:33:34:3334 -  [35mhttp[39m: [35mGET /api/test 200 12 - 2.529 ms[39m
[35m[39m
2022-07-03 20:44:29:4429 -  [32minfo[39m: [32mConexão com sucesso !!![39m
2022-07-03 20:44:29:4429 -  [32minfo[39m: [32mAplicação está rodando na porta 3000[39m
2022-07-03 20:46:47:4647 -  [32minfo[39m: [32mdevelopment[39m
2022-07-03 20:46:47:4647 -  [32minfo[39m: [32mtrue[39m
2022-07-03 20:46:47:4647 -  [35mhttp[39m: [35mGET /api/movie 404 148 - 2.888 ms[39m
[35m[39m
2022-07-03 20:47:12:4712 -  [32minfo[39m: [32mdevelopment[39m
2022-07-03 20:47:12:4712 -  [32minfo[39m: [32mtrue[39m
2022-07-03 20:47:12:4712 -  [35mhttp[39m: [35mPOST /api/movie 200 22 - 2.810 ms[39m
[35m[39m
2022-07-03 20:51:30:5130 -  [32minfo[39m: [32mConexão com sucesso !!![39m
2022-07-03 20:51:30:5130 -  [32minfo[39m: [32mAplicação está rodando na porta 3000[39m
2022-07-03 20:52:39:5239 -  [32minfo[39m: [32mConexão com sucesso !!![39m
2022-07-03 20:52:39:5239 -  [32minfo[39m: [32mAplicação está rodando na porta 3000[39m
2022-07-03 20:53:59:5359 -  [32minfo[39m: [32mdevelopment[39m
2022-07-03 20:53:59:5359 -  [32minfo[39m: [32mtrue[39m
2022-07-03 20:53:59:5359 -  [35mhttp[39m: [35mPOST /api/movie 201 155 - 52.785 ms[39m
[35m[39m
2022-07-03 21:00:58:058 -  [32minfo[39m: [32mConexão com sucesso !!![39m
2022-07-03 21:00:58:058 -  [32minfo[39m: [32mAplicação está rodando na porta 3000[39m
2022-07-03 21:01:13:113 -  [32minfo[39m: [32mConexão com sucesso !!![39m
2022-07-03 21:01:13:113 -  [32minfo[39m: [32mAplicação está rodando na porta 3000[39m
2022-07-03 21:02:12:212 -  [32minfo[39m: [32mConexão com sucesso !!![39m
2022-07-03 21:02:12:212 -  [32minfo[39m: [32mAplicação está rodando na porta 3000[39m
2022-07-03 21:02:32:232 -  [32minfo[39m: [32mdevelopment[39m
2022-07-03 21:02:32:232 -  [32minfo[39m: [32mtrue[39m
2022-07-03 21:02:32:232 -  [35mhttp[39m: [35mPOST /api/movie 201 158 - 46.043 ms[39m
[35m[39m
2022-07-03 21:08:49:849 -  [32minfo[39m: [32mConexão com sucesso !!![39m
2022-07-03 21:08:49:849 -  [32minfo[39m: [32mAplicação está rodando na porta 3000[39m
2022-07-03 21:09:17:917 -  [32minfo[39m: [32mdevelopment[39m
2022-07-03 21:09:17:917 -  [32minfo[39m: [32mtrue[39m
2022-07-03 21:09:17:917 -  [35mhttp[39m: [35mPOST /api/movie - - - - ms[39m
[35m[39m
2022-07-03 21:10:01:101 -  [32minfo[39m: [32mdevelopment[39m
2022-07-03 21:10:01:101 -  [32minfo[39m: [32mtrue[39m
2022-07-03 21:10:01:101 -  [35mhttp[39m: [35mPOST /api/movie - - - - ms[39m
[35m[39m
2022-07-03 21:10:09:109 -  [32minfo[39m: [32mdevelopment[39m
2022-07-03 21:10:09:109 -  [32minfo[39m: [32mtrue[39m
2022-07-03 21:10:09:109 -  [35mhttp[39m: [35mPOST /api/movie - - - - ms[39m
[35m[39m
2022-07-03 21:12:30:1230 -  [32minfo[39m: [32mConexão com sucesso !!![39m
2022-07-03 21:12:30:1230 -  [32minfo[39m: [32mAplicação está rodando na porta 3000[39m
2022-07-03 21:12:41:1241 -  [32minfo[39m: [32mdevelopment[39m
2022-07-03 21:12:41:1241 -  [32minfo[39m: [32mtrue[39m
2022-07-03 21:12:41:1241 -  [35mhttp[39m: [35mPOST /api/movie 422 87 - 7.486 ms[39m
[35m[39m
2022-07-03 21:12:58:1258 -  [32minfo[39m: [32mdevelopment[39m
2022-07-03 21:12:58:1258 -  [32minfo[39m: [32mtrue[39m
2022-07-03 21:12:58:1258 -  [35mhttp[39m: [35mPOST /api/movie 201 149 - 245.314 ms[39m
[35m[39m
2022-07-03 21:17:50:1750 -  [32minfo[39m: [32mConexão com sucesso !!![39m
2022-07-03 21:17:50:1750 -  [32minfo[39m: [32mAplicação está rodando na porta 3000[39m
2022-07-03 21:18:11:1811 -  [32minfo[39m: [32mConexão com sucesso !!![39m
2022-07-03 21:18:11:1811 -  [32minfo[39m: [32mAplicação está rodando na porta 3000[39m
2022-07-03 21:19:27:1927 -  [32minfo[39m: [32mConexão com sucesso !!![39m
2022-07-03 21:19:27:1927 -  [32minfo[39m: [32mAplicação está rodando na porta 3000[39m
2022-07-03 21:19:52:1952 -  [32minfo[39m: [32mdevelopment[39m
2022-07-03 21:19:52:1952 -  [32minfo[39m: [32mtrue[39m
2022-07-03 21:19:52:1952 -  [35mhttp[39m: [35mPOST /api/movie 422 104 - 6.943 ms[39m
[35m[39m
2022-07-03 21:20:19:2019 -  [32minfo[39m: [32mdevelopment[39m
2022-07-03 21:20:19:2019 -  [32minfo[39m: [32mtrue[39m
2022-07-03 21:20:19:2019 -  [35mhttp[39m: [35mPOST /api/movie 422 61 - 2.120 ms[39m
[35m[39m
2022-07-03 21:21:19:2119 -  [32minfo[39m: [32mdevelopment[39m
2022-07-03 21:21:19:2119 -  [32minfo[39m: [32mtrue[39m
2022-07-03 21:21:19:2119 -  [35mhttp[39m: [35mPOST /api/movie 201 169 - 51.760 ms[39m
[35m[39m
2022-07-03 21:23:37:2337 -  [32minfo[39m: [32mConexão com sucesso !!![39m
2022-07-03 21:23:37:2337 -  [32minfo[39m: [32mAplicação está rodando na porta 3000[39m
2022-07-03 21:24:20:2420 -  [32minfo[39m: [32mdevelopment[39m
2022-07-03 21:24:20:2420 -  [32minfo[39m: [32mtrue[39m
2022-07-03 21:24:20:2420 -  [35mhttp[39m: [35mPOST /api/movie 422 61 - 6.868 ms[39m
[35m[39m
2022-07-03 21:24:46:2446 -  [32minfo[39m: [32mdevelopment[39m
2022-07-03 21:24:46:2446 -  [32minfo[39m: [32mtrue[39m
2022-07-03 21:24:46:2446 -  [35mhttp[39m: [35mPOST /api/movie 201 193 - 43.586 ms[39m
[35m[39m
2022-07-03 21:28:18:2818 -  [32minfo[39m: [32mConexão com sucesso !!![39m
2022-07-03 21:28:18:2818 -  [32minfo[39m: [32mAplicação está rodando na porta 3000[39m
2022-07-03 21:29:17:2917 -  [32minfo[39m: [32mConexão com sucesso !!![39m
2022-07-03 21:29:17:2917 -  [32minfo[39m: [32mAplicação está rodando na porta 3000[39m
2022-07-03 21:30:47:3047 -  [32minfo[39m: [32mConexão com sucesso !!![39m
2022-07-03 21:30:47:3047 -  [32minfo[39m: [32mAplicação está rodando na porta 3000[39m
2022-07-03 21:30:49:3049 -  [32minfo[39m: [32mConexão com sucesso !!![39m
2022-07-03 21:30:49:3049 -  [32minfo[39m: [32mAplicação está rodando na porta 3000[39m
2022-07-03 21:31:10:3110 -  [32minfo[39m: [32mdevelopment[39m
2022-07-03 21:31:10:3110 -  [32minfo[39m: [32mtrue[39m
2022-07-03 21:31:10:3110 -  [35mhttp[39m: [35mPOST /api/movie 422 86 - 8.642 ms[39m
[35m[39m
2022-07-03 21:31:26:3126 -  [32minfo[39m: [32mConexão com sucesso !!![39m
2022-07-03 21:31:26:3126 -  [32minfo[39m: [32mAplicação está rodando na porta 3000[39m
2022-07-03 21:31:35:3135 -  [32minfo[39m: [32mdevelopment[39m
2022-07-03 21:31:35:3135 -  [32minfo[39m: [32mtrue[39m
2022-07-03 21:31:35:3135 -  [35mhttp[39m: [35mPOST /api/movie 201 383 - 63.664 ms[39m
[35m[39m
2022-07-03 21:32:57:3257 -  [32minfo[39m: [32mConexão com sucesso !!![39m
2022-07-03 21:32:57:3257 -  [32minfo[39m: [32mAplicação está rodando na porta 3000[39m
2022-07-03 21:36:48:3648 -  [32minfo[39m: [32mdevelopment[39m
2022-07-03 21:36:48:3648 -  [32minfo[39m: [32mtrue[39m
2022-07-03 21:36:48:3648 -  [35mhttp[39m: [35mPOST /api/movie 201 391 - 55.638 ms[39m
[35m[39m
2022-07-03 21:39:42:3942 -  [32minfo[39m: [32mdevelopment[39m
2022-07-03 21:39:42:3942 -  [32minfo[39m: [32mtrue[39m
2022-07-03 21:39:42:3942 -  [35mhttp[39m: [35mPOST /api/movie 201 374 - 34.768 ms[39m
[35m[39m
2022-07-03 21:42:57:4257 -  [32minfo[39m: [32mConexão com sucesso !!![39m
2022-07-03 21:42:57:4257 -  [32minfo[39m: [32mAplicação está rodando na porta 3000[39m
2022-07-03 21:51:32:5132 -  [32minfo[39m: [32mConexão com sucesso !!![39m
2022-07-03 21:51:32:5132 -  [32minfo[39m: [32mAplicação está rodando na porta 3000[39m
2022-07-03 21:55:17:5517 -  [32minfo[39m: [32mdevelopment[39m
2022-07-03 21:55:17:5517 -  [32minfo[39m: [32mtrue[39m
2022-07-03 21:55:17:5517 -  [35mhttp[39m: [35mGET /api//movie/62c236cef4b91b2d569e45a7 - - - - ms[39m
[35m[39m
2022-07-03 21:57:39:5739 -  [32minfo[39m: [32mdevelopment[39m
2022-07-03 21:57:39:5739 -  [32minfo[39m: [32mtrue[39m
2022-07-03 21:57:39:5739 -  [35mhttp[39m: [35mGET /api/movie/62c236cef4b91b2d569e45a7 - - - - ms[39m
[35m[39m
2022-07-03 21:57:43:5743 -  [32minfo[39m: [32mdevelopment[39m
2022-07-03 21:57:43:5743 -  [32minfo[39m: [32mtrue[39m
2022-07-03 21:57:43:5743 -  [35mhttp[39m: [35mGET /api/movie/62c236cef4b91b2d569e45a4 404 32 - 28.118 ms[39m
[35m[39m
2022-07-03 21:59:29:5929 -  [32minfo[39m: [32mdevelopment[39m
2022-07-03 21:59:29:5929 -  [32minfo[39m: [32mtrue[39m
2022-07-03 21:59:29:5929 -  [35mhttp[39m: [35mGET /api/movie/?id=62c236cef4b91b2d569e45a7 404 149 - 1.542 ms[39m
[35m[39m
2022-07-03 22:00:44:044 -  [32minfo[39m: [32mdevelopment[39m
2022-07-03 22:00:44:044 -  [32minfo[39m: [32mtrue[39m
2022-07-03 22:00:44:044 -  [35mhttp[39m: [35mGET /api/movie/62c236cef4b91b2d569e45a7 - - - - ms[39m
[35m[39m
2022-07-03 22:00:48:048 -  [32minfo[39m: [32mdevelopment[39m
2022-07-03 22:00:48:048 -  [32minfo[39m: [32mtrue[39m
2022-07-03 22:00:48:048 -  [35mhttp[39m: [35mGET /api/movie/62c236cef4b91b2d569e45a4 404 32 - 26.392 ms[39m
[35m[39m
2022-07-03 22:02:01:21 -  [32minfo[39m: [32mConexão com sucesso !!![39m
2022-07-03 22:02:01:21 -  [32minfo[39m: [32mAplicação está rodando na porta 3000[39m
2022-07-03 22:02:10:210 -  [32minfo[39m: [32mdevelopment[39m
2022-07-03 22:02:10:210 -  [32minfo[39m: [32mtrue[39m
2022-07-03 22:02:10:210 -  [35mhttp[39m: [35mGET /api/movie/62c236cef4b91b2d569e45a7 200 374 - 39.584 ms[39m
[35m[39m
2022-07-03 22:02:44:244 -  [32minfo[39m: [32mdevelopment[39m
2022-07-03 22:02:44:244 -  [32minfo[39m: [32mtrue[39m
2022-07-03 22:02:44:244 -  [35mhttp[39m: [35mGET /api/movie/62c22c17d1e7eed5ad8c8797 200 155 - 29.039 ms[39m
[35m[39m
2022-07-03 22:07:39:739 -  [32minfo[39m: [32mConexão com sucesso !!![39m
2022-07-03 22:07:39:739 -  [32minfo[39m: [32mAplicação está rodando na porta 3000[39m
2022-07-03 22:07:48:748 -  [32minfo[39m: [32mConexão com sucesso !!![39m
2022-07-03 22:07:48:748 -  [32minfo[39m: [32mAplicação está rodando na porta 3000[39m
2022-07-03 22:08:53:853 -  [32minfo[39m: [32mConexão com sucesso !!![39m
2022-07-03 22:08:53:853 -  [32minfo[39m: [32mAplicação está rodando na porta 3000[39m
2022-07-03 22:09:36:936 -  [31merror[39m: [31mErro no sistema: Cast to ObjectId failed for value "all" (type string) at path "_id" for model "Movie"[39m
2022-07-03 22:09:40:940 -  [32minfo[39m: [32mdevelopment[39m
2022-07-03 22:09:40:940 -  [32minfo[39m: [32mtrue[39m
2022-07-03 22:09:40:940 -  [35mhttp[39m: [35mGET /api//movie/all - - - - ms[39m
[35m[39m
2022-07-03 22:11:45:1145 -  [31merror[39m: [31mErro no sistema: Cast to ObjectId failed for value "all" (type string) at path "_id" for model "Movie"[39m
2022-07-03 22:11:54:1154 -  [32minfo[39m: [32mdevelopment[39m
2022-07-03 22:11:54:1154 -  [32minfo[39m: [32mtrue[39m
2022-07-03 22:11:54:1154 -  [35mhttp[39m: [35mGET /api/movie/all - - - - ms[39m
[35m[39m
2022-07-03 22:12:12:1212 -  [32minfo[39m: [32mConexão com sucesso !!![39m
2022-07-03 22:12:12:1212 -  [32minfo[39m: [32mAplicação está rodando na porta 3000[39m
2022-07-03 22:12:15:1215 -  [32minfo[39m: [32mConexão com sucesso !!![39m
2022-07-03 22:12:15:1215 -  [32minfo[39m: [32mAplicação está rodando na porta 3000[39m
2022-07-03 22:13:42:1342 -  [32minfo[39m: [32mConexão com sucesso !!![39m
2022-07-03 22:13:42:1342 -  [32minfo[39m: [32mAplicação está rodando na porta 3000[39m
2022-07-03 22:14:44:1444 -  [32minfo[39m: [32mdevelopment[39m
2022-07-03 22:14:44:1444 -  [32minfo[39m: [32mtrue[39m
2022-07-03 22:14:44:1444 -  [35mhttp[39m: [35mGET /api/movie 200 1981 - 253.076 ms[39m
[35m[39m
2022-07-03 22:15:09:159 -  [32minfo[39m: [32mConexão com sucesso !!![39m
2022-07-03 22:15:09:159 -  [32minfo[39m: [32mAplicação está rodando na porta 3000[39m
2022-07-03 22:15:17:1517 -  [31merror[39m: [31mErro no sistema: Cast to ObjectId failed for value "all" (type string) at path "_id" for model "Movie"[39m
2022-07-03 22:15:25:1525 -  [32minfo[39m: [32mdevelopment[39m
2022-07-03 22:15:25:1525 -  [32minfo[39m: [32mtrue[39m
2022-07-03 22:15:25:1525 -  [35mhttp[39m: [35mGET /api/movie/all - - - - ms[39m
[35m[39m
2022-07-03 22:15:30:1530 -  [31merror[39m: [31mErro no sistema: Cast to ObjectId failed for value "all" (type string) at path "_id" for model "Movie"[39m
2022-07-03 22:15:34:1534 -  [32minfo[39m: [32mdevelopment[39m
2022-07-03 22:15:34:1534 -  [32minfo[39m: [32mtrue[39m
2022-07-03 22:15:34:1534 -  [35mhttp[39m: [35mGET /api/movie/all/ - - - - ms[39m
[35m[39m
2022-07-03 22:15:47:1547 -  [32minfo[39m: [32mConexão com sucesso !!![39m
2022-07-03 22:15:47:1547 -  [32minfo[39m: [32mAplicação está rodando na porta 3000[39m
2022-07-03 22:15:50:1550 -  [32minfo[39m: [32mdevelopment[39m
2022-07-03 22:15:50:1550 -  [32minfo[39m: [32mtrue[39m
2022-07-03 22:15:50:1550 -  [35mhttp[39m: [35mGET /api/movie 200 1981 - 45.701 ms[39m
[35m[39m
2022-07-03 22:18:34:1834 -  [32minfo[39m: [32mConexão com sucesso !!![39m
2022-07-03 22:18:34:1834 -  [32minfo[39m: [32mAplicação está rodando na porta 3000[39m
2022-07-03 22:26:50:2650 -  [32minfo[39m: [32mConexão com sucesso !!![39m
2022-07-03 22:26:50:2650 -  [32minfo[39m: [32mAplicação está rodando na porta 3000[39m
2022-07-03 22:27:47:2747 -  [35mhttp[39m: [35mDELETE /api/delete/62c22c17d1e7eed5ad8c8 404 174 - 2.644 ms[39m
[35m[39m
2022-07-03 22:28:17:2817 -  [35mhttp[39m: [35mDELETE /api/delete/6333 404 157 - 0.721 ms[39m
[35m[39m
2022-07-03 22:30:58:3058 -  [32minfo[39m: [32mConexão com sucesso !!![39m
2022-07-03 22:30:58:3058 -  [32minfo[39m: [32mAplicação está rodando na porta 3000[39m
2022-07-03 22:31:20:3120 -  [35mhttp[39m: [35mDELETE /api//delete/6333 404 158 - 2.727 ms[39m
[35m[39m
2022-07-03 22:31:30:3130 -  [35mhttp[39m: [35mDELETE /api//delete/62c22c17d1e7eed5ad8c8795 404 178 - 0.696 ms[39m
[35m[39m
2022-07-03 22:31:55:3155 -  [35mhttp[39m: [35mDELETE /api/delete/62c22c17d1e7eed5ad8c8795 404 177 - 0.566 ms[39m
[35m[39m
2022-07-03 22:32:37:3237 -  [32minfo[39m: [32mConexão com sucesso !!![39m
2022-07-03 22:32:37:3237 -  [32minfo[39m: [32mAplicação está rodando na porta 3000[39m
2022-07-03 22:32:43:3243 -  [35mhttp[39m: [35mDELETE /api//delete/:id 404 157 - 2.600 ms[39m
[35m[39m
2022-07-03 22:32:54:3254 -  [35mhttp[39m: [35mDELETE /api/delete/:id 404 156 - 0.961 ms[39m
[35m[39m
2022-07-03 22:33:14:3314 -  [32minfo[39m: [32mConexão com sucesso !!![39m
2022-07-03 22:33:14:3314 -  [32minfo[39m: [32mAplicação está rodando na porta 3000[39m
2022-07-03 22:35:01:351 -  [35mhttp[39m: [35mDELETE /api/62c22c17d1e7eed5ad8c8794 404 170 - 4.465 ms[39m
[35m[39m
2022-07-03 22:35:21:3521 -  [35mhttp[39m: [35mDELETE /api/62c22c17d1e7eed5ad8c8797 404 170 - 1.065 ms[39m
[35m[39m
2022-07-03 22:35:59:3559 -  [35mhttp[39m: [35mDELETE /api/62c22c17d1e7eed5ad8c8797 404 170 - 0.465 ms[39m
[35m[39m
2022-07-03 22:37:25:3725 -  [32minfo[39m: [32mConexão com sucesso !!![39m
2022-07-03 22:37:25:3725 -  [32minfo[39m: [32mAplicação está rodando na porta 3000[39m
2022-07-03 22:37:30:3730 -  [35mhttp[39m: [35mDELETE /api/62c22c17d1e7eed5ad8c8797 404 170 - 2.867 ms[39m
[35m[39m
2022-07-03 22:39:41:3941 -  [32minfo[39m: [32mConexão com sucesso !!![39m
2022-07-03 22:39:41:3941 -  [32minfo[39m: [32mAplicação está rodando na porta 3000[39m
2022-07-03 22:39:46:3946 -  [35mhttp[39m: [35mDELETE /api/62c22c17d1e7eed5ad8c8797 404 170 - 2.592 ms[39m
[35m[39m
2022-07-04 09:39:32:3932 -  [32minfo[39m: [32mConexão com sucesso !!![39m
2022-07-04 09:39:32:3932 -  [32minfo[39m: [32mAplicação está rodando na porta 3000[39m
2022-07-04 09:39:49:3949 -  [35mhttp[39m: [35mDELETE /api/62c22c17d1e7eed5ad8c8797 404 170 - 2.603 ms[39m
[35m[39m
2022-07-04 09:41:50:4150 -  [32minfo[39m: [32m62c22c17d1e7eed5ad8c8797[39m
2022-07-04 09:42:03:423 -  [35mhttp[39m: [35mDELETE /api/movie/62c22c17d1e7eed5ad8c8797 - - - - ms[39m
[35m[39m
2022-07-04 09:42:09:429 -  [32minfo[39m: [32m62c22c17d1e7eed5ad8c8799[39m
2022-07-04 09:42:09:429 -  [35mhttp[39m: [35mDELETE /api/movie/62c22c17d1e7eed5ad8c8799 404 32 - 42.260 ms[39m
[35m[39m
2022-07-04 09:42:53:4253 -  [31merror[39m: [31merro no sistema: Cast to ObjectId failed for value "62c22c17d1e7eed5ad8c8" (type string) at path "_id" for model "Movie"[39m
2022-07-04 09:42:53:4253 -  [35mhttp[39m: [35mDELETE /api/movie/62c22c17d1e7eed5ad8c8 500 40 - 3.876 ms[39m
[35m[39m
2022-07-04 09:42:59:4259 -  [32minfo[39m: [32m62c22c17d1e7eed5ad8c8797[39m
2022-07-04 09:43:00:430 -  [35mhttp[39m: [35mDELETE /api/movie/62c22c17d1e7eed5ad8c8797 - - - - ms[39m
[35m[39m
2022-07-04 09:44:17:4417 -  [32minfo[39m: [32mConexão com sucesso !!![39m
2022-07-04 09:44:17:4417 -  [32minfo[39m: [32mAplicação está rodando na porta 3000[39m
2022-07-04 09:48:03:483 -  [32minfo[39m: [32mConexão com sucesso !!![39m
2022-07-04 09:48:03:483 -  [32minfo[39m: [32mAplicação está rodando na porta 3000[39m
2022-07-04 09:48:14:4814 -  [32minfo[39m: [32m62c22c17d1e7eed5ad8c8797[39m
2022-07-04 09:48:14:4814 -  [35mhttp[39m: [35mDELETE /api/movie/62c22c17d1e7eed5ad8c8797 200 29 - 93.565 ms[39m
[35m[39m
2022-07-04 09:56:40:5640 -  [32minfo[39m: [32mConexão com sucesso !!![39m
2022-07-04 09:56:40:5640 -  [32minfo[39m: [32mAplicação está rodando na porta 3000[39m
2022-07-04 09:58:27:5827 -  [35mhttp[39m: [35mPATCH /api/movie/62c22e18df7a24ff33109 404 172 - 2.776 ms[39m
[35m[39m
2022-07-04 09:58:39:5839 -  [32minfo[39m: [32mConexão com sucesso !!![39m
2022-07-04 09:58:39:5839 -  [32minfo[39m: [32mAplicação está rodando na porta 3000[39m
2022-07-04 09:59:48:5948 -  [35mhttp[39m: [35mPATCH /api/movie/ 404 151 - 2.656 ms[39m
[35m[39m
2022-07-04 10:00:29:029 -  [32minfo[39m: [32mConexão com sucesso !!![39m
2022-07-04 10:00:29:029 -  [32minfo[39m: [32mAplicação está rodando na porta 3000[39m
2022-07-04 10:00:34:034 -  [35mhttp[39m: [35mPATCH /api/movie/ 404 151 - 2.640 ms[39m
[35m[39m
2022-07-04 10:00:39:039 -  [31merror[39m: [31mError message: Cast to ObjectId failed for value "eee333333" (type string) at path "_id" for model "Movie"[39m
2022-07-04 10:00:39:039 -  [35mhttp[39m: [35mPATCH /api/movie/eee333333 500 58 - 7.266 ms[39m
[35m[39m
2022-07-04 10:02:27:227 -  [32minfo[39m: [32mConexão com sucesso !!![39m
2022-07-04 10:02:27:227 -  [32minfo[39m: [32mAplicação está rodando na porta 3000[39m
2022-07-04 10:02:34:234 -  [35mhttp[39m: [35mPATCH /api/movie/ 404 151 - 2.657 ms[39m
[35m[39m
2022-07-04 10:03:21:321 -  [32minfo[39m: [32mConexão com sucesso !!![39m
2022-07-04 10:03:21:321 -  [32minfo[39m: [32mAplicação está rodando na porta 3000[39m
2022-07-04 10:03:24:324 -  [35mhttp[39m: [35mPATCH /api/movie/ 404 151 - 4.961 ms[39m
[35m[39m
2022-07-04 10:04:19:419 -  [32minfo[39m: [32mConexão com sucesso !!![39m
2022-07-04 10:04:19:419 -  [32minfo[39m: [32mAplicação está rodando na porta 3000[39m
2022-07-04 10:04:22:422 -  [35mhttp[39m: [35mPATCH /api/movie/ 404 151 - 3.474 ms[39m
[35m[39m
2022-07-04 10:05:38:538 -  [32minfo[39m: [32mdados: {[39m
[32m  _id: new ObjectId("62c22e18df7a24ff33109bd4"),[39m
[32m  title: 'Kill Bill Vol. 1',[39m
[32m  stars: [],[39m
[32m  createdAt: 2022-07-04T00:02:32.712Z,[39m
[32m  updatedAt: 2022-07-04T00:02:32.712Z,[39m
[32m  __v: 0[39m
[32m}[39m
2022-07-04 10:05:38:538 -  [35mhttp[39m: [35mPATCH /api/movie/62c22e18df7a24ff33109bd4 200 31 - 59.130 ms[39m
[35m[39m
2022-07-04 10:06:21:621 -  [31merror[39m: [31mError message: Cast to ObjectId failed for value "62c22e18df7a24ff33109b" (type string) at path "_id" for model "Movie"[39m
2022-07-04 10:06:21:621 -  [35mhttp[39m: [35mPATCH /api/movie/62c22e18df7a24ff33109b 500 58 - 3.216 ms[39m
[35m[39m
2022-07-04 10:06:57:657 -  [32minfo[39m: [32mConexão com sucesso !!![39m
2022-07-04 10:06:57:657 -  [32minfo[39m: [32mAplicação está rodando na porta 3000[39m
2022-07-04 10:07:01:71 -  [31merror[39m: [31mError message: Cast to ObjectId failed for value "62c22e18df7a24ff33109b" (type string) at path "_id" for model "Movie"[39m
2022-07-04 10:07:01:71 -  [35mhttp[39m: [35mPATCH /api/movie/62c22e18df7a24ff33109b 500 58 - 15.008 ms[39m
[35m[39m
2022-07-04 10:07:29:729 -  [32minfo[39m: [32mConexão com sucesso !!![39m
2022-07-04 10:07:29:729 -  [32minfo[39m: [32mAplicação está rodando na porta 3000[39m
2022-07-04 10:07:41:741 -  [31merror[39m: [31mError message: Cast to ObjectId failed for value "62c22e18df7a24ff33109b" (type string) at path "_id" for model "Movie"[39m
2022-07-04 10:07:41:741 -  [35mhttp[39m: [35mPATCH /api/movie/62c22e18df7a24ff33109b 500 58 - 10.157 ms[39m
[35m[39m
2022-07-04 10:09:51:951 -  [32minfo[39m: [32mConexão com sucesso !!![39m
2022-07-04 10:09:51:951 -  [32minfo[39m: [32mAplicação está rodando na porta 3000[39m
2022-07-04 10:12:33:1233 -  [32minfo[39m: [32mConexão com sucesso !!![39m
2022-07-04 10:12:33:1233 -  [32minfo[39m: [32mAplicação está rodando na porta 3000[39m
2022-07-04 10:13:25:1325 -  [32minfo[39m: [32mConexão com sucesso !!![39m
2022-07-04 10:13:25:1325 -  [32minfo[39m: [32mAplicação está rodando na porta 3000[39m
2022-07-04 10:13:36:1336 -  [32minfo[39m: [32mConexão com sucesso !!![39m
2022-07-04 10:13:36:1336 -  [32minfo[39m: [32mAplicação está rodando na porta 3000[39m
2022-07-04 10:13:45:1345 -  [32minfo[39m: [32mConexão com sucesso !!![39m
2022-07-04 10:13:45:1345 -  [32minfo[39m: [32mAplicação está rodando na porta 3000[39m
2022-07-04 10:15:48:1548 -  [35mhttp[39m: [35mGET /api/movie/62c22c17d1e7eed5ad8c8797 404 32 - 41.526 ms[39m
[35m[39m
2022-07-04 10:15:56:1556 -  [35mhttp[39m: [35mGET /api/movie/62c22e18df7a24ff33109bd4 200 158 - 33.615 ms[39m
[35m[39m
2022-07-04 10:20:09:209 -  [32minfo[39m: [32mdados: {[39m
[32m  _id: new ObjectId("62c22e18df7a24ff33109bd4"),[39m
[32m  title: 'Kill Bill Vol. 1',[39m
[32m  stars: [],[39m
[32m  createdAt: 2022-07-04T00:02:32.712Z,[39m
[32m  updatedAt: 2022-07-04T00:02:32.712Z,[39m
[32m  __v: 0[39m
[32m}[39m
2022-07-04 10:20:09:209 -  [35mhttp[39m: [35mPATCH /api/movie/62c22e18df7a24ff33109bd4 200 311 - 77.570 ms[39m
[35m[39m
2022-07-04 10:21:06:216 -  [32minfo[39m: [32mConexão com sucesso !!![39m
2022-07-04 10:21:06:216 -  [32minfo[39m: [32mAplicação está rodando na porta 3000[39m
2022-07-04 10:25:47:2547 -  [32minfo[39m: [32mConexão com sucesso !!![39m
2022-07-04 10:25:47:2547 -  [32minfo[39m: [32mAplicação está rodando na porta 3000[39m
